<?xml version="1.0" encoding="UTF-8" ?>
<testsuite tests="10" failures="3" name="TestSuite" time="87.709" errors="0" skipped="0">
  <properties>
    <property name="java.vendor" value="Oracle Corporation"/>
    <property name="JOB_NAME" value="CRMAutomationJob"/>
    <property name="ANDROID_SDK_HOME" value="C:\Android"/>
    <property name="sun.java.launcher" value="SUN_STANDARD"/>
    <property name="NUMBER_OF_PROCESSORS" value="4"/>
    <property name="sun.management.compiler" value="HotSpot 64-Bit Tiered Compilers"/>
    <property name="JENKINS_HOME" value="C:\Users\AmSu\.jenkins"/>
    <property name="FPS_BROWSER_USER_PROFILE_STRING" value="Default"/>
    <property name="HUDSON_SERVER_COOKIE" value="66b88820c4632950"/>
    <property name="AXIS_HOME" value="C:\Users\AmSu\Desktop\WebserviceStudy\axis2-1.6.2\axis2-1.6.2"/>
    <property name="POM_ARTIFACTID" value="FreeCRMTest"/>
    <property name="os.name" value="Windows 10"/>
    <property name="sun.boot.class.path" value="C:\Program Files\Java\jdk1.8.0_131\jre\lib\resources.jar;C:\Program Files\Java\jdk1.8.0_131\jre\lib\rt.jar;C:\Program Files\Java\jdk1.8.0_131\jre\lib\sunrsasign.jar;C:\Program Files\Java\jdk1.8.0_131\jre\lib\jsse.jar;C:\Program Files\Java\jdk1.8.0_131\jre\lib\jce.jar;C:\Program Files\Java\jdk1.8.0_131\jre\lib\charsets.jar;C:\Program Files\Java\jdk1.8.0_131\jre\lib\jfr.jar;C:\Program Files\Java\jdk1.8.0_131\jre\classes"/>
    <property name="EXECUTOR_NUMBER" value="0"/>
    <property name="sun.desktop" value="windows"/>
    <property name="PATHEXT" value=".COM;.EXE;.BAT;.CMD;.VBS;.VBE;.JS;.JSE;.WSF;.WSH;.MSC"/>
    <property name="java.vm.specification.vendor" value="Oracle Corporation"/>
    <property name="POM_DISPLAYNAME" value="FreeCRMTest"/>
    <property name="NODE_LABELS" value="master"/>
    <property name="TEMP" value="C:\Users\AmSu\AppData\Local\Temp"/>
    <property name="java.runtime.version" value="1.8.0_131-b11"/>
    <property name="FPS_BROWSER_APP_PROFILE_STRING" value="Internet Explorer"/>
    <property name="user.name" value="AmSu"/>
    <property name="guice.disable.misplaced.annotation.check" value="true"/>
    <property name="CommonProgramW6432" value="C:\Program Files\Common Files"/>
    <property name="ProgramFiles" value="C:\Program Files"/>
    <property name="PROMPT" value="$P$G"/>
    <property name="user.language" value="en"/>
    <property name="JOB_BASE_NAME" value="CRMAutomationJob"/>
    <property name="RUN_CHANGES_DISPLAY_URL" value="http://localhost:8080/jenkins/job/CRMAutomationJob/24/display/redirect?page=changes"/>
    <property name="BUILD_DISPLAY_NAME" value="#24"/>
    <property name="OneDrive" value="C:\Users\AmSu\OneDrive"/>
    <property name="sun.boot.library.path" value="C:\Program Files\Java\jdk1.8.0_131\jre\bin"/>
    <property name="LOCALAPPDATA" value="C:\Users\AmSu\AppData\Local"/>
    <property name="java.version" value="1.8.0_131"/>
    <property name="PROCESSOR_LEVEL" value="6"/>
    <property name="user.timezone" value="Asia/Calcutta"/>
    <property name="USERNAME" value="AmSu"/>
    <property name="sun.arch.data.model" value="64"/>
    <property name="NODE_NAME" value="master"/>
    <property name="java.endorsed.dirs" value="C:\Program Files\Java\jdk1.8.0_131\jre\lib\endorsed"/>
    <property name="BUILD_ID" value="24"/>
    <property name="sun.cpu.isalist" value="amd64"/>
    <property name="sun.jnu.encoding" value="Cp1252"/>
    <property name="file.encoding.pkg" value="sun.io"/>
    <property name="file.separator" value="\"/>
    <property name="java.specification.name" value="Java Platform API Specification"/>
    <property name="HOMEDRIVE" value="C:"/>
    <property name="maven.conf" value="C:\Users\AmSu\.jenkins\tools\hudson.tasks.Maven_MavenInstallation\TestMaven\conf"/>
    <property name="java.class.version" value="52.0"/>
    <property name="=::" value="::\"/>
    <property name="org.slf4j.simpleLogger.defaultLogLevel" value="info"/>
    <property name="user.country" value="IN"/>
    <property name="ALLUSERSPROFILE" value="C:\ProgramData"/>
    <property name="java.home" value="C:\Program Files\Java\jdk1.8.0_131\jre"/>
    <property name="java.vm.info" value="mixed mode"/>
    <property name="os.version" value="10.0"/>
    <property name="RUN_DISPLAY_URL" value="http://localhost:8080/jenkins/job/CRMAutomationJob/24/display/redirect"/>
    <property name="POM_VERSION" value="0.0.1-SNAPSHOT"/>
    <property name="configsetroot" value="C:\WINDOWS\ConfigSetRoot"/>
    <property name="TMP" value="C:\Users\AmSu\AppData\Local\Temp"/>
    <property name="path.separator" value=";"/>
    <property name="java.vm.version" value="25.131-b11"/>
    <property name="user.variant" value=""/>
    <property name="JOB_DISPLAY_URL" value="http://localhost:8080/jenkins/job/CRMAutomationJob/display/redirect"/>
    <property name="CommonProgramFiles(x86)" value="C:\Program Files (x86)\Common Files"/>
    <property name="USERDOMAIN_ROAMINGPROFILE" value="LAPTOP-O7MG0NNP"/>
    <property name="java.awt.printerjob" value="sun.awt.windows.WPrinterJob"/>
    <property name="JAVA_HOME" value="C:\Program Files\Java\jdk1.8.0_131"/>
    <property name="sun.io.unicode.encoding" value="UnicodeLittle"/>
    <property name="CommonProgramFiles" value="C:\Program Files\Common Files"/>
    <property name="ComSpec" value="C:\WINDOWS\system32\cmd.exe"/>
    <property name="awt.toolkit" value="sun.awt.windows.WToolkit"/>
    <property name="HOMEPATH" value="\Users\AmSu"/>
    <property name="POM_PACKAGING" value="jar"/>
    <property name="user.script" value=""/>
    <property name="COMPUTERNAME" value="LAPTOP-O7MG0NNP"/>
    <property name="POM_GROUPID" value="FreeCRMTestAutomation"/>
    <property name="user.home" value="C:\Users\AmSu"/>
    <property name="PUBLIC" value="C:\Users\Public"/>
    <property name="BUILD_TAG" value="jenkins-CRMAutomationJob-24"/>
    <property name="JENKINS_SERVER_COOKIE" value="66b88820c4632950"/>
    <property name="HUDSON_URL" value="http://localhost:8080/jenkins/"/>
    <property name="ProgramData" value="C:\ProgramData"/>
    <property name="java.specification.vendor" value="Oracle Corporation"/>
    <property name="USERPROFILE" value="C:\Users\AmSu"/>
    <property name="CLASSPATH" value=""/>
    <property name="java.vendor.url" value="http://java.oracle.com/"/>
    <property name="java.library.path" value="C:\Program Files\Java\jdk1.8.0_131\bin;C:\WINDOWS\Sun\Java\bin;C:\WINDOWS\system32;C:\WINDOWS;C:\Users\AmSu\.jenkins\tools\hudson.tasks.Maven_MavenInstallation\TestMaven/bin;C:\Program Files\Java\jdk1.8.0_131/bin;C:\Program Files\Java\jdk1.8.0_131/bin;C:\ProgramData\Oracle\Java\javapath;C:\Program Files (x86)\Intel\iCLS Client\;C:\Program Files\Intel\iCLS Client\;C:\Windows\system32;C:\Windows;C:\Windows\System32\Wbem;C:\Windows\System32\WindowsPowerShell\v1.0\;C:\Program Files (x86)\Intel\Intel(R) Management Engine Components\DAL;C:\Program Files\Intel\Intel(R) Management Engine Components\DAL;C:\Program Files (x86)\Intel\Intel(R) Management Engine Components\IPT;C:\Program Files\Intel\Intel(R) Management Engine Components\IPT;C:\Program Files (x86)\NVIDIA Corporation\PhysX\Common;%SystemRoot%\system32;%SystemRoot%;%SystemRoot%\System32\Wbem;%SYSTEMROOT%\System32\WindowsPowerShell\v1.0\;C:\Program Files\Java\jdk1.8.0_131\bin;C:\Program Files\Java\jre1.8.0_131\bin;C:\Users\AmSu\Desktop\WebserviceStudy\axis2-1.6.2\axis2-1.6.2\bin;;%SYSTEMROOT%\System32\OpenSSH\;C:\Android;C:\Users\AmSu\AppData\Local\Microsoft\WindowsApps;C:\Users\AmSu\Desktop\WebserviceStudy\axis2-1.6.2\axis2-1.6.2\bin;;."/>
    <property name="java.vm.vendor" value="Oracle Corporation"/>
    <property name="APPDATA" value="C:\Users\AmSu\AppData\Roaming"/>
    <property name="java.runtime.name" value="Java(TM) SE Runtime Environment"/>
    <property name="maven.home" value="C:\Users\AmSu\.jenkins\tools\hudson.tasks.Maven_MavenInstallation\TestMaven"/>
    <property name="java.class.path" value="C:\Users\AmSu\.jenkins\plugins\maven-plugin\WEB-INF\lib\maven35-agent-1.13.jar;C:\Users\AmSu\.jenkins\tools\hudson.tasks.Maven_MavenInstallation\TestMaven\boot\plexus-classworlds-2.6.0.jar;C:\Users\AmSu\.jenkins\tools\hudson.tasks.Maven_MavenInstallation\TestMaven/conf/logging"/>
    <property name="sun.java.command" value="jenkins.maven3.agent.Maven35Main C:\Users\AmSu\.jenkins\tools\hudson.tasks.Maven_MavenInstallation\TestMaven C:\Users\AmSu\.jenkins\war\WEB-INF\lib\remoting-4.3.jar C:\Users\AmSu\.jenkins\plugins\maven-plugin\WEB-INF\lib\maven35-interceptor-1.13.jar C:\Users\AmSu\.jenkins\plugins\maven-plugin\WEB-INF\lib\maven3-interceptor-commons-1.13.jar 58277"/>
    <property name="Path" value="C:\Program Files\Java\jdk1.8.0_131/bin;C:\ProgramData\Oracle\Java\javapath;C:\Program Files (x86)\Intel\iCLS Client\;C:\Program Files\Intel\iCLS Client\;C:\Windows\system32;C:\Windows;C:\Windows\System32\Wbem;C:\Windows\System32\WindowsPowerShell\v1.0\;C:\Program Files (x86)\Intel\Intel(R) Management Engine Components\DAL;C:\Program Files\Intel\Intel(R) Management Engine Components\DAL;C:\Program Files (x86)\Intel\Intel(R) Management Engine Components\IPT;C:\Program Files\Intel\Intel(R) Management Engine Components\IPT;C:\Program Files (x86)\NVIDIA Corporation\PhysX\Common;%SystemRoot%\system32;%SystemRoot%;%SystemRoot%\System32\Wbem;%SYSTEMROOT%\System32\WindowsPowerShell\v1.0\;C:\Program Files\Java\jdk1.8.0_131\bin;C:\Program Files\Java\jre1.8.0_131\bin;C:\Users\AmSu\Desktop\WebserviceStudy\axis2-1.6.2\axis2-1.6.2\bin;;%SYSTEMROOT%\System32\OpenSSH\;C:\Android;C:\Users\AmSu\AppData\Local\Microsoft\WindowsApps;C:\Users\AmSu\Desktop\WebserviceStudy\axis2-1.6.2\axis2-1.6.2\bin;"/>
    <property name="java.vm.specification.name" value="Java Virtual Machine Specification"/>
    <property name="PROCESSOR_ARCHITECTURE" value="AMD64"/>
    <property name="PATH+JDK" value="C:\Program Files\Java\jdk1.8.0_131/bin"/>
    <property name="PROCESSOR_IDENTIFIER" value="Intel64 Family 6 Model 78 Stepping 3, GenuineIntel"/>
    <property name="SESSIONNAME" value="Console"/>
    <property name="java.vm.specification.version" value="1.8"/>
    <property name="sun.os.patch.level" value=""/>
    <property name="sun.cpu.endian" value="little"/>
    <property name="M2_HOME" value="C:\Users\AmSu\.jenkins\tools\hudson.tasks.Maven_MavenInstallation\TestMaven"/>
    <property name="java.io.tmpdir" value="C:\Users\AmSu\AppData\Local\Temp\"/>
    <property name="OS" value="Windows_NT"/>
    <property name="HUDSON_HOME" value="C:\Users\AmSu\.jenkins"/>
    <property name="PATH+MAVEN" value="C:\Users\AmSu\.jenkins\tools\hudson.tasks.Maven_MavenInstallation\TestMaven/bin"/>
    <property name="ProgramFiles(x86)" value="C:\Program Files (x86)"/>
    <property name="BUILD_URL" value="http://localhost:8080/jenkins/job/CRMAutomationJob/24/"/>
    <property name="java.vendor.url.bug" value="http://bugreport.sun.com/bugreport/"/>
    <property name="java.awt.graphicsenv" value="sun.awt.Win32GraphicsEnvironment"/>
    <property name="os.arch" value="amd64"/>
    <property name="SystemRoot" value="C:\WINDOWS"/>
    <property name="java.ext.dirs" value="C:\Program Files\Java\jdk1.8.0_131\jre\lib\ext;C:\WINDOWS\Sun\Java\lib\ext"/>
    <property name="user.dir" value="C:\Users\AmSu\workspace\FreeCRMTest"/>
    <property name="JOB_URL" value="http://localhost:8080/jenkins/job/CRMAutomationJob/"/>
    <property name="LOGONSERVER" value="\\LAPTOP-O7MG0NNP"/>
    <property name="USERDOMAIN" value="LAPTOP-O7MG0NNP"/>
    <property name="line.separator" value="
"/>
    <property name="MAVEN_HOME" value="C:\Users\AmSu\.jenkins\tools\hudson.tasks.Maven_MavenInstallation\TestMaven"/>
    <property name="java.vm.name" value="Java HotSpot(TM) 64-Bit Server VM"/>
    <property name="BUILD_NUMBER" value="24"/>
    <property name="JENKINS_URL" value="http://localhost:8080/jenkins/"/>
    <property name="PROCESSOR_REVISION" value="4e03"/>
    <property name="ProgramW6432" value="C:\Program Files"/>
    <property name="windir" value="C:\WINDOWS"/>
    <property name="=C:" value="C:\Jenkins"/>
    <property name="file.encoding" value="Cp1252"/>
    <property name="SystemDrive" value="C:"/>
    <property name="maven3.interceptor" value="C:\Users\AmSu\.jenkins\plugins\maven-plugin\WEB-INF\lib\maven35-interceptor-1.13.jar"/>
    <property name="WORKSPACE_TMP" value="C:\Users\AmSu\.jenkins\workspace\CRMAutomationJob@tmp"/>
    <property name="WORKSPACE" value="C:\Users\AmSu\.jenkins\workspace\CRMAutomationJob"/>
    <property name="maven3.interceptor.common" value="C:\Users\AmSu\.jenkins\plugins\maven-plugin\WEB-INF\lib\maven3-interceptor-commons-1.13.jar"/>
    <property name="java.specification.version" value="1.8"/>
    <property name="PSModulePath" value="C:\Program Files (x86)\WindowsPowerShell\Modules;C:\WINDOWS\system32\WindowsPowerShell\v1.0\Modules;C:\Program Files (x86)\AutoIt3\AutoItX"/>
    <property name="DriverData" value="C:\Windows\System32\Drivers\DriverData"/>
  </properties>
  <testcase classname="com.crm.qa.testcases.ContactPageTest" name="createContact" time="23.642">
    <failure message="no such element: Unable to locate element: {&quot;method&quot;:&quot;xpath&quot;,&quot;selector&quot;:&quot;//input[@name=&apos;first_name&apos;]&quot;}
  (Session info: chrome=80.0.3987.149)
For documentation on this error, please visit: http://seleniumhq.org/exceptions/no_such_element.html
Build info: version: &apos;3.14.0&apos;, revision: &apos;aacccce0&apos;, time: &apos;2018-08-02T20:19:58.91Z&apos;
System info: host: &apos;LAPTOP-O7MG0NNP&apos;, ip: &apos;192.168.0.82&apos;, os.name: &apos;Windows 10&apos;, os.arch: &apos;amd64&apos;, os.version: &apos;10.0&apos;, java.version: &apos;1.8.0_131&apos;
Driver info: org.openqa.selenium.chrome.ChromeDriver
Capabilities {acceptInsecureCerts: false, browserName: chrome, browserVersion: 80.0.3987.149, chrome: {chromedriverVersion: 80.0.3987.106 (f68069574609..., userDataDir: C:\Users\AmSu\AppData\Local...}, goog:chromeOptions: {debuggerAddress: localhost:58289}, javascriptEnabled: true, networkConnectionEnabled: false, pageLoadStrategy: normal, platform: WINDOWS, platformName: WINDOWS, proxy: Proxy(), setWindowRect: true, strictFileInteractability: false, timeouts: {implicit: 0, pageLoad: 300000, script: 30000}, unhandledPromptBehavior: dismiss and notify}
Session ID: aa3c271041bb1cee66601159bb337330
*** Element info: {Using=xpath, value=//input[@name=&apos;first_name&apos;]}" type="org.openqa.selenium.NoSuchElementException">org.openqa.selenium.NoSuchElementException: no such element: Unable to locate element: {&quot;method&quot;:&quot;xpath&quot;,&quot;selector&quot;:&quot;//input[@name=&apos;first_name&apos;]&quot;}
  (Session info: chrome=80.0.3987.149)
For documentation on this error, please visit: http://seleniumhq.org/exceptions/no_such_element.html
Build info: version: &apos;3.14.0&apos;, revision: &apos;aacccce0&apos;, time: &apos;2018-08-02T20:19:58.91Z&apos;
System info: host: &apos;LAPTOP-O7MG0NNP&apos;, ip: &apos;192.168.0.82&apos;, os.name: &apos;Windows 10&apos;, os.arch: &apos;amd64&apos;, os.version: &apos;10.0&apos;, java.version: &apos;1.8.0_131&apos;
Driver info: org.openqa.selenium.chrome.ChromeDriver
Capabilities {acceptInsecureCerts: false, browserName: chrome, browserVersion: 80.0.3987.149, chrome: {chromedriverVersion: 80.0.3987.106 (f68069574609..., userDataDir: C:\Users\AmSu\AppData\Local...}, goog:chromeOptions: {debuggerAddress: localhost:58289}, javascriptEnabled: true, networkConnectionEnabled: false, pageLoadStrategy: normal, platform: WINDOWS, platformName: WINDOWS, proxy: Proxy(), setWindowRect: true, strictFileInteractability: false, timeouts: {implicit: 0, pageLoad: 300000, script: 30000}, unhandledPromptBehavior: dismiss and notify}
Session ID: aa3c271041bb1cee66601159bb337330
*** Element info: {Using=xpath, value=//input[@name=&apos;first_name&apos;]}
	at sun.reflect.NativeConstructorAccessorImpl.newInstance0(Native Method)
	at sun.reflect.NativeConstructorAccessorImpl.newInstance(NativeConstructorAccessorImpl.java:62)
	at sun.reflect.DelegatingConstructorAccessorImpl.newInstance(DelegatingConstructorAccessorImpl.java:45)
	at java.lang.reflect.Constructor.newInstance(Constructor.java:423)
	at org.openqa.selenium.remote.http.W3CHttpResponseCodec.createException(W3CHttpResponseCodec.java:187)
	at org.openqa.selenium.remote.http.W3CHttpResponseCodec.decode(W3CHttpResponseCodec.java:122)
	at org.openqa.selenium.remote.http.W3CHttpResponseCodec.decode(W3CHttpResponseCodec.java:49)
	at org.openqa.selenium.remote.HttpCommandExecutor.execute(HttpCommandExecutor.java:158)
	at org.openqa.selenium.remote.service.DriverCommandExecutor.execute(DriverCommandExecutor.java:83)
	at org.openqa.selenium.remote.RemoteWebDriver.execute(RemoteWebDriver.java:548)
	at org.openqa.selenium.remote.RemoteWebDriver.findElement(RemoteWebDriver.java:322)
	at org.openqa.selenium.remote.RemoteWebDriver.findElementByXPath(RemoteWebDriver.java:424)
	at org.openqa.selenium.By$ByXPath.findElement(By.java:353)
	at org.openqa.selenium.remote.RemoteWebDriver.findElement(RemoteWebDriver.java:314)
	at sun.reflect.NativeMethodAccessorImpl.invoke0(Native Method)
	at sun.reflect.NativeMethodAccessorImpl.invoke(NativeMethodAccessorImpl.java:62)
	at sun.reflect.DelegatingMethodAccessorImpl.invoke(DelegatingMethodAccessorImpl.java:43)
	at java.lang.reflect.Method.invoke(Method.java:498)
	at org.openqa.selenium.support.events.EventFiringWebDriver.lambda$new$1(EventFiringWebDriver.java:105)
	at com.sun.proxy.$Proxy6.findElement(Unknown Source)
	at org.openqa.selenium.support.events.EventFiringWebDriver.findElement(EventFiringWebDriver.java:194)
	at org.openqa.selenium.support.pagefactory.DefaultElementLocator.findElement(DefaultElementLocator.java:69)
	at org.openqa.selenium.support.pagefactory.internal.LocatingElementHandler.invoke(LocatingElementHandler.java:38)
	at com.sun.proxy.$Proxy10.sendKeys(Unknown Source)
	at com.crm.qa.pages.ContactPage.addContacts(ContactPage.java:42)
	at com.crm.qa.testcases.ContactPageTest.createContact(ContactPageTest.java:46)
</failure>
    <system-out>Configuring TestNG with: org.apache.maven.surefire.testng.conf.TestNG652Configurator@4d591d15
Before navigating to: &apos;https://freecrm.co.in/&apos;
Navigated to:&apos;https://freecrm.co.in/&apos;
Trying to find Element By : By.xpath: //*[text() = &apos;Log In&apos;]
Found Element By : By.xpath: //*[text() = &apos;Log In&apos;]
Trying to click on: [[ChromeDriver: chrome on WINDOWS (aa3c271041bb1cee66601159bb337330)] -&gt; xpath: //*[text() = &apos;Log In&apos;]]
Clicked on: [[ChromeDriver: chrome on WINDOWS (aa3c271041bb1cee66601159bb337330)] -&gt; xpath: //*[text() = &apos;Log In&apos;]]
Trying to find Element By : By.name: email
Found Element By : By.name: email
Trying to find Element By : By.name: password
Found Element By : By.name: password
Trying to find Element By : By.xpath: //div[text()=&apos;Login&apos;]
Found Element By : By.xpath: //div[text()=&apos;Login&apos;]
Trying to click on: [[ChromeDriver: chrome on WINDOWS (aa3c271041bb1cee66601159bb337330)] -&gt; xpath: //div[text()=&apos;Login&apos;]]
Clicked on: [[ChromeDriver: chrome on WINDOWS (aa3c271041bb1cee66601159bb337330)] -&gt; xpath: //div[text()=&apos;Login&apos;]]
Trying to find Element By : By.xpath: //div[@id=&apos;main-nav&apos;]/a/i[@class=&apos;users icon&apos;]
Found Element By : By.xpath: //div[@id=&apos;main-nav&apos;]/a/i[@class=&apos;users icon&apos;]
Trying to find Element By : By.xpath: //div[@id=&apos;main-nav&apos;]/a/i[@class=&apos;users icon&apos;]
Found Element By : By.xpath: //div[@id=&apos;main-nav&apos;]/a/i[@class=&apos;users icon&apos;]
Trying to click on: [[ChromeDriver: chrome on WINDOWS (aa3c271041bb1cee66601159bb337330)] -&gt; xpath: //div[@id=&apos;main-nav&apos;]/a/i[@class=&apos;users icon&apos;]]
Clicked on: [[ChromeDriver: chrome on WINDOWS (aa3c271041bb1cee66601159bb337330)] -&gt; xpath: //div[@id=&apos;main-nav&apos;]/a/i[@class=&apos;users icon&apos;]]
Trying to find Element By : By.xpath: //div[text()=&apos;Contacts&apos;]
Found Element By : By.xpath: //div[text()=&apos;Contacts&apos;]
Trying to find Element By : By.xpath: //div[text()=&apos;Contacts&apos;]
Found Element By : By.xpath: //div[text()=&apos;Contacts&apos;]
Trying to find Element By : By.xpath: //button[text()=&apos;New&apos;]
Found Element By : By.xpath: //button[text()=&apos;New&apos;]
Trying to click on: [[ChromeDriver: chrome on WINDOWS (aa3c271041bb1cee66601159bb337330)] -&gt; xpath: //button[text()=&apos;New&apos;]]
Clicked on: [[ChromeDriver: chrome on WINDOWS (aa3c271041bb1cee66601159bb337330)] -&gt; xpath: //button[text()=&apos;New&apos;]]
Trying to find Element By : By.xpath: //input[@name=&apos;first_name&apos;]
Exception occured: org.openqa.selenium.NoSuchElementException: no such element: Unable to locate element: {&quot;method&quot;:&quot;xpath&quot;,&quot;selector&quot;:&quot;//input[@name=&apos;first_name&apos;]&quot;}
  (Session info: chrome=80.0.3987.149)
For documentation on this error, please visit: http://seleniumhq.org/exceptions/no_such_element.html
Build info: version: &apos;3.14.0&apos;, revision: &apos;aacccce0&apos;, time: &apos;2018-08-02T20:19:58.91Z&apos;
System info: host: &apos;LAPTOP-O7MG0NNP&apos;, ip: &apos;192.168.0.82&apos;, os.name: &apos;Windows 10&apos;, os.arch: &apos;amd64&apos;, os.version: &apos;10.0&apos;, java.version: &apos;1.8.0_131&apos;
Driver info: org.openqa.selenium.chrome.ChromeDriver
Capabilities {acceptInsecureCerts: false, browserName: chrome, browserVersion: 80.0.3987.149, chrome: {chromedriverVersion: 80.0.3987.106 (f68069574609..., userDataDir: C:\Users\AmSu\AppData\Local...}, goog:chromeOptions: {debuggerAddress: localhost:58289}, javascriptEnabled: true, networkConnectionEnabled: false, pageLoadStrategy: normal, platform: WINDOWS, platformName: WINDOWS, proxy: Proxy(), setWindowRect: true, strictFileInteractability: false, timeouts: {implicit: 0, pageLoad: 300000, script: 30000}, unhandledPromptBehavior: dismiss and notify}
Session ID: aa3c271041bb1cee66601159bb337330
*** Element info: {Using=xpath, value=//input[@name=&apos;first_name&apos;]}
</system-out>
    <system-err>Starting ChromeDriver 80.0.3987.106 (f68069574609230cf9b635cd784cfb1bf81bb53a-refs/branch-heads/3987@{#882}) on port 21847
Only local connections are allowed.
Please protect ports used by ChromeDriver and related test frameworks to prevent access by malicious code.
[1585810070.495][WARNING]: Timed out connecting to Chrome, retrying...
Apr 02, 2020 12:17:52 PM org.openqa.selenium.remote.ProtocolHandshake createSession
INFO: Detected dialect: W3C
[1585810074.688][WARNING]: Timed out connecting to Chrome, retrying...
[1585810078.477][SEVERE]: Timed out receiving message from renderer: 0.100
[1585810078.585][SEVERE]: Timed out receiving message from renderer: 0.100
[1585810078.689][SEVERE]: Timed out receiving message from renderer: 0.100
[1585810078.794][SEVERE]: Timed out receiving message from renderer: 0.100
[1585810078.895][SEVERE]: Timed out receiving message from renderer: 0.100
[1585810078.996][SEVERE]: Timed out receiving message from renderer: 0.100
[1585810079.113][SEVERE]: Timed out receiving message from renderer: 0.100
[1585810079.214][SEVERE]: Timed out receiving message from renderer: 0.100
[1585810079.315][SEVERE]: Timed out receiving message from renderer: 0.100
[1585810079.418][SEVERE]: Timed out receiving message from renderer: 0.100
[1585810079.520][SEVERE]: Timed out receiving message from renderer: 0.100
[1585810079.623][SEVERE]: Timed out receiving message from renderer: 0.100
[1585810079.728][SEVERE]: Timed out receiving message from renderer: 0.100
[1585810079.830][SEVERE]: Timed out receiving message from renderer: 0.100
[1585810079.932][SEVERE]: Timed out receiving message from renderer: 0.100
[1585810080.037][SEVERE]: Timed out receiving message from renderer: 0.100
[1585810080.149][SEVERE]: Timed out receiving message from renderer: 0.100
[1585810080.250][SEVERE]: Timed out receiving message from renderer: 0.100
[1585810080.353][SEVERE]: Timed out receiving message from renderer: 0.100
[1585810080.457][SEVERE]: Timed out receiving message from renderer: 0.100
[1585810080.971][SEVERE]: Timed out receiving message from renderer: 0.100
[1585810081.072][SEVERE]: Timed out receiving message from renderer: 0.100
[1585810081.333][SEVERE]: Timed out receiving message from renderer: 0.100
[1585810081.436][SEVERE]: Timed out receiving message from renderer: 0.100
[1585810081.562][SEVERE]: Timed out receiving message from renderer: 0.100
[1585810081.685][SEVERE]: Timed out receiving message from renderer: 0.100
[1585810081.801][SEVERE]: Timed out receiving message from renderer: 0.100
[1585810081.982][SEVERE]: Timed out receiving message from renderer: 0.100
[1585810083.414][SEVERE]: Timed out receiving message from renderer: 0.100
[1585810083.520][SEVERE]: Timed out receiving message from renderer: 0.100
[1585810083.624][SEVERE]: Timed out receiving message from renderer: 0.100
[1585810083.739][SEVERE]: Timed out receiving message from renderer: 0.100
[1585810083.871][SEVERE]: Timed out receiving message from renderer: 0.100
[1585810083.972][SEVERE]: Timed out receiving message from renderer: 0.100
[1585810084.074][SEVERE]: Timed out receiving message from renderer: 0.100
[1585810084.351][SEVERE]: Timed out receiving message from renderer: 0.100
[1585810084.458][SEVERE]: Timed out receiving message from renderer: 0.100
[1585810084.576][SEVERE]: Timed out receiving message from renderer: 0.100
[1585810084.692][SEVERE]: Timed out receiving message from renderer: 0.100
[1585810084.803][SEVERE]: Timed out receiving message from renderer: 0.100
[1585810084.932][SEVERE]: Timed out receiving message from renderer: 0.100
[1585810085.036][SEVERE]: Timed out receiving message from renderer: 0.100
[1585810085.137][SEVERE]: Timed out receiving message from renderer: 0.100
[1585810085.241][SEVERE]: Timed out receiving message from renderer: 0.100
[1585810085.354][SEVERE]: Timed out receiving message from renderer: 0.100
[1585810085.487][SEVERE]: Timed out receiving message from renderer: 0.100
[1585810085.588][SEVERE]: Timed out receiving message from renderer: 0.100
[1585810085.698][SEVERE]: Timed out receiving message from renderer: 0.100
[1585810085.813][SEVERE]: Timed out receiving message from renderer: 0.100
[1585810086.509][SEVERE]: Timed out receiving message from renderer: 0.100
[1585810086.610][SEVERE]: Timed out receiving message from renderer: 0.100
[1585810086.719][SEVERE]: Timed out receiving message from renderer: 0.100
[1585810086.862][SEVERE]: Timed out receiving message from renderer: 0.100
[1585810087.024][SEVERE]: Timed out receiving message from renderer: 0.100
[1585810087.182][SEVERE]: Timed out receiving message from renderer: 0.100
[1585810087.477][SEVERE]: Timed out receiving message from renderer: 0.100
[1585810087.580][SEVERE]: Timed out receiving message from renderer: 0.100
</system-err>
  </testcase>
  <testcase classname="com.crm.qa.testcases.ContactPageTest" name="createContact" time="25.354">
    <failure message="no such element: Unable to locate element: {&quot;method&quot;:&quot;xpath&quot;,&quot;selector&quot;:&quot;//input[@name=&apos;first_name&apos;]&quot;}
  (Session info: chrome=80.0.3987.149)
For documentation on this error, please visit: http://seleniumhq.org/exceptions/no_such_element.html
Build info: version: &apos;3.14.0&apos;, revision: &apos;aacccce0&apos;, time: &apos;2018-08-02T20:19:58.91Z&apos;
System info: host: &apos;LAPTOP-O7MG0NNP&apos;, ip: &apos;192.168.0.82&apos;, os.name: &apos;Windows 10&apos;, os.arch: &apos;amd64&apos;, os.version: &apos;10.0&apos;, java.version: &apos;1.8.0_131&apos;
Driver info: org.openqa.selenium.chrome.ChromeDriver
Capabilities {acceptInsecureCerts: false, browserName: chrome, browserVersion: 80.0.3987.149, chrome: {chromedriverVersion: 80.0.3987.106 (f68069574609..., userDataDir: C:\Users\AmSu\AppData\Local...}, goog:chromeOptions: {debuggerAddress: localhost:58349}, javascriptEnabled: true, networkConnectionEnabled: false, pageLoadStrategy: normal, platform: WINDOWS, platformName: WINDOWS, proxy: Proxy(), setWindowRect: true, strictFileInteractability: false, timeouts: {implicit: 0, pageLoad: 300000, script: 30000}, unhandledPromptBehavior: dismiss and notify}
Session ID: 661a3d3b06d599573b96c28f1bcdc210
*** Element info: {Using=xpath, value=//input[@name=&apos;first_name&apos;]}" type="org.openqa.selenium.NoSuchElementException">org.openqa.selenium.NoSuchElementException: no such element: Unable to locate element: {&quot;method&quot;:&quot;xpath&quot;,&quot;selector&quot;:&quot;//input[@name=&apos;first_name&apos;]&quot;}
  (Session info: chrome=80.0.3987.149)
For documentation on this error, please visit: http://seleniumhq.org/exceptions/no_such_element.html
Build info: version: &apos;3.14.0&apos;, revision: &apos;aacccce0&apos;, time: &apos;2018-08-02T20:19:58.91Z&apos;
System info: host: &apos;LAPTOP-O7MG0NNP&apos;, ip: &apos;192.168.0.82&apos;, os.name: &apos;Windows 10&apos;, os.arch: &apos;amd64&apos;, os.version: &apos;10.0&apos;, java.version: &apos;1.8.0_131&apos;
Driver info: org.openqa.selenium.chrome.ChromeDriver
Capabilities {acceptInsecureCerts: false, browserName: chrome, browserVersion: 80.0.3987.149, chrome: {chromedriverVersion: 80.0.3987.106 (f68069574609..., userDataDir: C:\Users\AmSu\AppData\Local...}, goog:chromeOptions: {debuggerAddress: localhost:58349}, javascriptEnabled: true, networkConnectionEnabled: false, pageLoadStrategy: normal, platform: WINDOWS, platformName: WINDOWS, proxy: Proxy(), setWindowRect: true, strictFileInteractability: false, timeouts: {implicit: 0, pageLoad: 300000, script: 30000}, unhandledPromptBehavior: dismiss and notify}
Session ID: 661a3d3b06d599573b96c28f1bcdc210
*** Element info: {Using=xpath, value=//input[@name=&apos;first_name&apos;]}
	at sun.reflect.NativeConstructorAccessorImpl.newInstance0(Native Method)
	at sun.reflect.NativeConstructorAccessorImpl.newInstance(NativeConstructorAccessorImpl.java:62)
	at sun.reflect.DelegatingConstructorAccessorImpl.newInstance(DelegatingConstructorAccessorImpl.java:45)
	at java.lang.reflect.Constructor.newInstance(Constructor.java:423)
	at org.openqa.selenium.remote.http.W3CHttpResponseCodec.createException(W3CHttpResponseCodec.java:187)
	at org.openqa.selenium.remote.http.W3CHttpResponseCodec.decode(W3CHttpResponseCodec.java:122)
	at org.openqa.selenium.remote.http.W3CHttpResponseCodec.decode(W3CHttpResponseCodec.java:49)
	at org.openqa.selenium.remote.HttpCommandExecutor.execute(HttpCommandExecutor.java:158)
	at org.openqa.selenium.remote.service.DriverCommandExecutor.execute(DriverCommandExecutor.java:83)
	at org.openqa.selenium.remote.RemoteWebDriver.execute(RemoteWebDriver.java:548)
	at org.openqa.selenium.remote.RemoteWebDriver.findElement(RemoteWebDriver.java:322)
	at org.openqa.selenium.remote.RemoteWebDriver.findElementByXPath(RemoteWebDriver.java:424)
	at org.openqa.selenium.By$ByXPath.findElement(By.java:353)
	at org.openqa.selenium.remote.RemoteWebDriver.findElement(RemoteWebDriver.java:314)
	at sun.reflect.GeneratedMethodAccessor2.invoke(Unknown Source)
	at sun.reflect.DelegatingMethodAccessorImpl.invoke(DelegatingMethodAccessorImpl.java:43)
	at java.lang.reflect.Method.invoke(Method.java:498)
	at org.openqa.selenium.support.events.EventFiringWebDriver.lambda$new$1(EventFiringWebDriver.java:105)
	at com.sun.proxy.$Proxy6.findElement(Unknown Source)
	at org.openqa.selenium.support.events.EventFiringWebDriver.findElement(EventFiringWebDriver.java:194)
	at org.openqa.selenium.support.pagefactory.DefaultElementLocator.findElement(DefaultElementLocator.java:69)
	at org.openqa.selenium.support.pagefactory.internal.LocatingElementHandler.invoke(LocatingElementHandler.java:38)
	at com.sun.proxy.$Proxy10.sendKeys(Unknown Source)
	at com.crm.qa.pages.ContactPage.addContacts(ContactPage.java:42)
	at com.crm.qa.testcases.ContactPageTest.createContact(ContactPageTest.java:46)
</failure>
    <system-out>Before navigating to: &apos;https://freecrm.co.in/&apos;
Navigated to:&apos;https://freecrm.co.in/&apos;
Trying to find Element By : By.xpath: //*[text() = &apos;Log In&apos;]
Found Element By : By.xpath: //*[text() = &apos;Log In&apos;]
Trying to click on: [[ChromeDriver: chrome on WINDOWS (661a3d3b06d599573b96c28f1bcdc210)] -&gt; xpath: //*[text() = &apos;Log In&apos;]]
Clicked on: [[ChromeDriver: chrome on WINDOWS (661a3d3b06d599573b96c28f1bcdc210)] -&gt; xpath: //*[text() = &apos;Log In&apos;]]
Trying to find Element By : By.name: email
Found Element By : By.name: email
Trying to find Element By : By.name: password
Found Element By : By.name: password
Trying to find Element By : By.xpath: //div[text()=&apos;Login&apos;]
Found Element By : By.xpath: //div[text()=&apos;Login&apos;]
Trying to click on: [[ChromeDriver: chrome on WINDOWS (661a3d3b06d599573b96c28f1bcdc210)] -&gt; xpath: //div[text()=&apos;Login&apos;]]
Clicked on: [[ChromeDriver: chrome on WINDOWS (661a3d3b06d599573b96c28f1bcdc210)] -&gt; xpath: //div[text()=&apos;Login&apos;]]
Trying to find Element By : By.xpath: //div[@id=&apos;main-nav&apos;]/a/i[@class=&apos;users icon&apos;]
Found Element By : By.xpath: //div[@id=&apos;main-nav&apos;]/a/i[@class=&apos;users icon&apos;]
Trying to find Element By : By.xpath: //div[@id=&apos;main-nav&apos;]/a/i[@class=&apos;users icon&apos;]
Found Element By : By.xpath: //div[@id=&apos;main-nav&apos;]/a/i[@class=&apos;users icon&apos;]
Trying to click on: [[ChromeDriver: chrome on WINDOWS (661a3d3b06d599573b96c28f1bcdc210)] -&gt; xpath: //div[@id=&apos;main-nav&apos;]/a/i[@class=&apos;users icon&apos;]]
Clicked on: [[ChromeDriver: chrome on WINDOWS (661a3d3b06d599573b96c28f1bcdc210)] -&gt; xpath: //div[@id=&apos;main-nav&apos;]/a/i[@class=&apos;users icon&apos;]]
Trying to find Element By : By.xpath: //div[text()=&apos;Contacts&apos;]
Found Element By : By.xpath: //div[text()=&apos;Contacts&apos;]
Trying to find Element By : By.xpath: //div[text()=&apos;Contacts&apos;]
Found Element By : By.xpath: //div[text()=&apos;Contacts&apos;]
Trying to find Element By : By.xpath: //button[text()=&apos;New&apos;]
Found Element By : By.xpath: //button[text()=&apos;New&apos;]
Trying to click on: [[ChromeDriver: chrome on WINDOWS (661a3d3b06d599573b96c28f1bcdc210)] -&gt; xpath: //button[text()=&apos;New&apos;]]
Clicked on: [[ChromeDriver: chrome on WINDOWS (661a3d3b06d599573b96c28f1bcdc210)] -&gt; xpath: //button[text()=&apos;New&apos;]]
Trying to find Element By : By.xpath: //input[@name=&apos;first_name&apos;]
Exception occured: org.openqa.selenium.NoSuchElementException: no such element: Unable to locate element: {&quot;method&quot;:&quot;xpath&quot;,&quot;selector&quot;:&quot;//input[@name=&apos;first_name&apos;]&quot;}
  (Session info: chrome=80.0.3987.149)
For documentation on this error, please visit: http://seleniumhq.org/exceptions/no_such_element.html
Build info: version: &apos;3.14.0&apos;, revision: &apos;aacccce0&apos;, time: &apos;2018-08-02T20:19:58.91Z&apos;
System info: host: &apos;LAPTOP-O7MG0NNP&apos;, ip: &apos;192.168.0.82&apos;, os.name: &apos;Windows 10&apos;, os.arch: &apos;amd64&apos;, os.version: &apos;10.0&apos;, java.version: &apos;1.8.0_131&apos;
Driver info: org.openqa.selenium.chrome.ChromeDriver
Capabilities {acceptInsecureCerts: false, browserName: chrome, browserVersion: 80.0.3987.149, chrome: {chromedriverVersion: 80.0.3987.106 (f68069574609..., userDataDir: C:\Users\AmSu\AppData\Local...}, goog:chromeOptions: {debuggerAddress: localhost:58349}, javascriptEnabled: true, networkConnectionEnabled: false, pageLoadStrategy: normal, platform: WINDOWS, platformName: WINDOWS, proxy: Proxy(), setWindowRect: true, strictFileInteractability: false, timeouts: {implicit: 0, pageLoad: 300000, script: 30000}, unhandledPromptBehavior: dismiss and notify}
Session ID: 661a3d3b06d599573b96c28f1bcdc210
*** Element info: {Using=xpath, value=//input[@name=&apos;first_name&apos;]}
</system-out>
    <system-err>Starting ChromeDriver 80.0.3987.106 (f68069574609230cf9b635cd784cfb1bf81bb53a-refs/branch-heads/3987@{#882}) on port 13682
Only local connections are allowed.
Please protect ports used by ChromeDriver and related test frameworks to prevent access by malicious code.
[1585810117.193][WARNING]: Timed out connecting to Chrome, retrying...
Apr 02, 2020 12:18:39 PM org.openqa.selenium.remote.ProtocolHandshake createSession
INFO: Detected dialect: W3C
[1585810121.381][WARNING]: Timed out connecting to Chrome, retrying...
[1585810125.009][SEVERE]: Timed out receiving message from renderer: 0.100
[1585810125.118][SEVERE]: Timed out receiving message from renderer: 0.100
[1585810125.233][SEVERE]: Timed out receiving message from renderer: 0.100
[1585810125.385][SEVERE]: Timed out receiving message from renderer: 0.100
[1585810127.064][SEVERE]: Timed out receiving message from renderer: 0.100
[1585810127.172][SEVERE]: Timed out receiving message from renderer: 0.100
[1585810127.276][SEVERE]: Timed out receiving message from renderer: 0.100
[1585810127.377][SEVERE]: Timed out receiving message from renderer: 0.100
[1585810127.523][SEVERE]: Timed out receiving message from renderer: 0.100
[1585810127.683][SEVERE]: Timed out receiving message from renderer: 0.100
[1585810130.330][SEVERE]: Timed out receiving message from renderer: 0.100
[1585810130.513][SEVERE]: Timed out receiving message from renderer: 0.100
[1585810130.617][SEVERE]: Timed out receiving message from renderer: 0.100
[1585810130.718][SEVERE]: Timed out receiving message from renderer: 0.100
[1585810130.871][SEVERE]: Timed out receiving message from renderer: 0.100
[1585810131.028][SEVERE]: Timed out receiving message from renderer: 0.100
[1585810131.143][SEVERE]: Timed out receiving message from renderer: 0.100
[1585810131.310][SEVERE]: Timed out receiving message from renderer: 0.100
[1585810131.411][SEVERE]: Timed out receiving message from renderer: 0.100
[1585810131.512][SEVERE]: Timed out receiving message from renderer: 0.100
[1585810131.622][SEVERE]: Timed out receiving message from renderer: 0.100
[1585810131.753][SEVERE]: Timed out receiving message from renderer: 0.100
[1585810131.855][SEVERE]: Timed out receiving message from renderer: 0.100
[1585810132.727][SEVERE]: Timed out receiving message from renderer: 0.100
[1585810132.830][SEVERE]: Timed out receiving message from renderer: 0.100
[1585810132.933][SEVERE]: Timed out receiving message from renderer: 0.100
[1585810133.041][SEVERE]: Timed out receiving message from renderer: 0.100
[1585810133.164][SEVERE]: Timed out receiving message from renderer: 0.100
[1585810133.266][SEVERE]: Timed out receiving message from renderer: 0.100
[1585810133.369][SEVERE]: Timed out receiving message from renderer: 0.100
[1585810133.897][SEVERE]: Timed out receiving message from renderer: 0.100
</system-err>
  </testcase>
  <testcase classname="com.crm.qa.testcases.ContactPageTest" name="createContact" time="23.517">
    <failure message="no such element: Unable to locate element: {&quot;method&quot;:&quot;xpath&quot;,&quot;selector&quot;:&quot;//input[@name=&apos;first_name&apos;]&quot;}
  (Session info: chrome=80.0.3987.149)
For documentation on this error, please visit: http://seleniumhq.org/exceptions/no_such_element.html
Build info: version: &apos;3.14.0&apos;, revision: &apos;aacccce0&apos;, time: &apos;2018-08-02T20:19:58.91Z&apos;
System info: host: &apos;LAPTOP-O7MG0NNP&apos;, ip: &apos;192.168.0.82&apos;, os.name: &apos;Windows 10&apos;, os.arch: &apos;amd64&apos;, os.version: &apos;10.0&apos;, java.version: &apos;1.8.0_131&apos;
Driver info: org.openqa.selenium.chrome.ChromeDriver
Capabilities {acceptInsecureCerts: false, browserName: chrome, browserVersion: 80.0.3987.149, chrome: {chromedriverVersion: 80.0.3987.106 (f68069574609..., userDataDir: C:\Users\AmSu\AppData\Local...}, goog:chromeOptions: {debuggerAddress: localhost:58413}, javascriptEnabled: true, networkConnectionEnabled: false, pageLoadStrategy: normal, platform: WINDOWS, platformName: WINDOWS, proxy: Proxy(), setWindowRect: true, strictFileInteractability: false, timeouts: {implicit: 0, pageLoad: 300000, script: 30000}, unhandledPromptBehavior: dismiss and notify}
Session ID: 39d995fa88f63916b32c215fcdba6ac3
*** Element info: {Using=xpath, value=//input[@name=&apos;first_name&apos;]}" type="org.openqa.selenium.NoSuchElementException">org.openqa.selenium.NoSuchElementException: no such element: Unable to locate element: {&quot;method&quot;:&quot;xpath&quot;,&quot;selector&quot;:&quot;//input[@name=&apos;first_name&apos;]&quot;}
  (Session info: chrome=80.0.3987.149)
For documentation on this error, please visit: http://seleniumhq.org/exceptions/no_such_element.html
Build info: version: &apos;3.14.0&apos;, revision: &apos;aacccce0&apos;, time: &apos;2018-08-02T20:19:58.91Z&apos;
System info: host: &apos;LAPTOP-O7MG0NNP&apos;, ip: &apos;192.168.0.82&apos;, os.name: &apos;Windows 10&apos;, os.arch: &apos;amd64&apos;, os.version: &apos;10.0&apos;, java.version: &apos;1.8.0_131&apos;
Driver info: org.openqa.selenium.chrome.ChromeDriver
Capabilities {acceptInsecureCerts: false, browserName: chrome, browserVersion: 80.0.3987.149, chrome: {chromedriverVersion: 80.0.3987.106 (f68069574609..., userDataDir: C:\Users\AmSu\AppData\Local...}, goog:chromeOptions: {debuggerAddress: localhost:58413}, javascriptEnabled: true, networkConnectionEnabled: false, pageLoadStrategy: normal, platform: WINDOWS, platformName: WINDOWS, proxy: Proxy(), setWindowRect: true, strictFileInteractability: false, timeouts: {implicit: 0, pageLoad: 300000, script: 30000}, unhandledPromptBehavior: dismiss and notify}
Session ID: 39d995fa88f63916b32c215fcdba6ac3
*** Element info: {Using=xpath, value=//input[@name=&apos;first_name&apos;]}
	at sun.reflect.NativeConstructorAccessorImpl.newInstance0(Native Method)
	at sun.reflect.NativeConstructorAccessorImpl.newInstance(NativeConstructorAccessorImpl.java:62)
	at sun.reflect.DelegatingConstructorAccessorImpl.newInstance(DelegatingConstructorAccessorImpl.java:45)
	at java.lang.reflect.Constructor.newInstance(Constructor.java:423)
	at org.openqa.selenium.remote.http.W3CHttpResponseCodec.createException(W3CHttpResponseCodec.java:187)
	at org.openqa.selenium.remote.http.W3CHttpResponseCodec.decode(W3CHttpResponseCodec.java:122)
	at org.openqa.selenium.remote.http.W3CHttpResponseCodec.decode(W3CHttpResponseCodec.java:49)
	at org.openqa.selenium.remote.HttpCommandExecutor.execute(HttpCommandExecutor.java:158)
	at org.openqa.selenium.remote.service.DriverCommandExecutor.execute(DriverCommandExecutor.java:83)
	at org.openqa.selenium.remote.RemoteWebDriver.execute(RemoteWebDriver.java:548)
	at org.openqa.selenium.remote.RemoteWebDriver.findElement(RemoteWebDriver.java:322)
	at org.openqa.selenium.remote.RemoteWebDriver.findElementByXPath(RemoteWebDriver.java:424)
	at org.openqa.selenium.By$ByXPath.findElement(By.java:353)
	at org.openqa.selenium.remote.RemoteWebDriver.findElement(RemoteWebDriver.java:314)
	at sun.reflect.GeneratedMethodAccessor2.invoke(Unknown Source)
	at sun.reflect.DelegatingMethodAccessorImpl.invoke(DelegatingMethodAccessorImpl.java:43)
	at java.lang.reflect.Method.invoke(Method.java:498)
	at org.openqa.selenium.support.events.EventFiringWebDriver.lambda$new$1(EventFiringWebDriver.java:105)
	at com.sun.proxy.$Proxy6.findElement(Unknown Source)
	at org.openqa.selenium.support.events.EventFiringWebDriver.findElement(EventFiringWebDriver.java:194)
	at org.openqa.selenium.support.pagefactory.DefaultElementLocator.findElement(DefaultElementLocator.java:69)
	at org.openqa.selenium.support.pagefactory.internal.LocatingElementHandler.invoke(LocatingElementHandler.java:38)
	at com.sun.proxy.$Proxy10.sendKeys(Unknown Source)
	at com.crm.qa.pages.ContactPage.addContacts(ContactPage.java:42)
	at com.crm.qa.testcases.ContactPageTest.createContact(ContactPageTest.java:46)
</failure>
    <system-out>Before navigating to: &apos;https://freecrm.co.in/&apos;
Navigated to:&apos;https://freecrm.co.in/&apos;
Trying to find Element By : By.xpath: //*[text() = &apos;Log In&apos;]
Found Element By : By.xpath: //*[text() = &apos;Log In&apos;]
Trying to click on: [[ChromeDriver: chrome on WINDOWS (39d995fa88f63916b32c215fcdba6ac3)] -&gt; xpath: //*[text() = &apos;Log In&apos;]]
Clicked on: [[ChromeDriver: chrome on WINDOWS (39d995fa88f63916b32c215fcdba6ac3)] -&gt; xpath: //*[text() = &apos;Log In&apos;]]
Trying to find Element By : By.name: email
Found Element By : By.name: email
Trying to find Element By : By.name: password
Found Element By : By.name: password
Trying to find Element By : By.xpath: //div[text()=&apos;Login&apos;]
Found Element By : By.xpath: //div[text()=&apos;Login&apos;]
Trying to click on: [[ChromeDriver: chrome on WINDOWS (39d995fa88f63916b32c215fcdba6ac3)] -&gt; xpath: //div[text()=&apos;Login&apos;]]
Clicked on: [[ChromeDriver: chrome on WINDOWS (39d995fa88f63916b32c215fcdba6ac3)] -&gt; xpath: //div[text()=&apos;Login&apos;]]
Trying to find Element By : By.xpath: //div[@id=&apos;main-nav&apos;]/a/i[@class=&apos;users icon&apos;]
Found Element By : By.xpath: //div[@id=&apos;main-nav&apos;]/a/i[@class=&apos;users icon&apos;]
Trying to find Element By : By.xpath: //div[@id=&apos;main-nav&apos;]/a/i[@class=&apos;users icon&apos;]
Found Element By : By.xpath: //div[@id=&apos;main-nav&apos;]/a/i[@class=&apos;users icon&apos;]
Trying to click on: [[ChromeDriver: chrome on WINDOWS (39d995fa88f63916b32c215fcdba6ac3)] -&gt; xpath: //div[@id=&apos;main-nav&apos;]/a/i[@class=&apos;users icon&apos;]]
Clicked on: [[ChromeDriver: chrome on WINDOWS (39d995fa88f63916b32c215fcdba6ac3)] -&gt; xpath: //div[@id=&apos;main-nav&apos;]/a/i[@class=&apos;users icon&apos;]]
Trying to find Element By : By.xpath: //div[text()=&apos;Contacts&apos;]
Found Element By : By.xpath: //div[text()=&apos;Contacts&apos;]
Trying to find Element By : By.xpath: //div[text()=&apos;Contacts&apos;]
Found Element By : By.xpath: //div[text()=&apos;Contacts&apos;]
Trying to find Element By : By.xpath: //button[text()=&apos;New&apos;]
Found Element By : By.xpath: //button[text()=&apos;New&apos;]
Trying to click on: [[ChromeDriver: chrome on WINDOWS (39d995fa88f63916b32c215fcdba6ac3)] -&gt; xpath: //button[text()=&apos;New&apos;]]
Clicked on: [[ChromeDriver: chrome on WINDOWS (39d995fa88f63916b32c215fcdba6ac3)] -&gt; xpath: //button[text()=&apos;New&apos;]]
Trying to find Element By : By.xpath: //input[@name=&apos;first_name&apos;]
Exception occured: org.openqa.selenium.NoSuchElementException: no such element: Unable to locate element: {&quot;method&quot;:&quot;xpath&quot;,&quot;selector&quot;:&quot;//input[@name=&apos;first_name&apos;]&quot;}
  (Session info: chrome=80.0.3987.149)
For documentation on this error, please visit: http://seleniumhq.org/exceptions/no_such_element.html
Build info: version: &apos;3.14.0&apos;, revision: &apos;aacccce0&apos;, time: &apos;2018-08-02T20:19:58.91Z&apos;
System info: host: &apos;LAPTOP-O7MG0NNP&apos;, ip: &apos;192.168.0.82&apos;, os.name: &apos;Windows 10&apos;, os.arch: &apos;amd64&apos;, os.version: &apos;10.0&apos;, java.version: &apos;1.8.0_131&apos;
Driver info: org.openqa.selenium.chrome.ChromeDriver
Capabilities {acceptInsecureCerts: false, browserName: chrome, browserVersion: 80.0.3987.149, chrome: {chromedriverVersion: 80.0.3987.106 (f68069574609..., userDataDir: C:\Users\AmSu\AppData\Local...}, goog:chromeOptions: {debuggerAddress: localhost:58413}, javascriptEnabled: true, networkConnectionEnabled: false, pageLoadStrategy: normal, platform: WINDOWS, platformName: WINDOWS, proxy: Proxy(), setWindowRect: true, strictFileInteractability: false, timeouts: {implicit: 0, pageLoad: 300000, script: 30000}, unhandledPromptBehavior: dismiss and notify}
Session ID: 39d995fa88f63916b32c215fcdba6ac3
*** Element info: {Using=xpath, value=//input[@name=&apos;first_name&apos;]}
</system-out>
    <system-err>Starting ChromeDriver 80.0.3987.106 (f68069574609230cf9b635cd784cfb1bf81bb53a-refs/branch-heads/3987@{#882}) on port 2694
Only local connections are allowed.
Please protect ports used by ChromeDriver and related test frameworks to prevent access by malicious code.
[1585810165.973][WARNING]: Timed out connecting to Chrome, retrying...
Apr 02, 2020 12:19:28 PM org.openqa.selenium.remote.ProtocolHandshake createSession
INFO: Detected dialect: W3C
[1585810170.067][WARNING]: Timed out connecting to Chrome, retrying...
[1585810173.091][SEVERE]: Timed out receiving message from renderer: 0.100
[1585810173.192][SEVERE]: Timed out receiving message from renderer: 0.100
[1585810173.294][SEVERE]: Timed out receiving message from renderer: 0.100
[1585810173.396][SEVERE]: Timed out receiving message from renderer: 0.100
[1585810173.499][SEVERE]: Timed out receiving message from renderer: 0.100
[1585810173.606][SEVERE]: Timed out receiving message from renderer: 0.100
[1585810173.715][SEVERE]: Timed out receiving message from renderer: 0.100
[1585810177.583][SEVERE]: Timed out receiving message from renderer: 0.100
[1585810177.694][SEVERE]: Timed out receiving message from renderer: 0.100
[1585810177.809][SEVERE]: Timed out receiving message from renderer: 0.100
[1585810177.933][SEVERE]: Timed out receiving message from renderer: 0.100
[1585810178.045][SEVERE]: Timed out receiving message from renderer: 0.100
[1585810178.201][SEVERE]: Timed out receiving message from renderer: 0.100
[1585810178.308][SEVERE]: Timed out receiving message from renderer: 0.100
[1585810178.414][SEVERE]: Timed out receiving message from renderer: 0.100
[1585810178.515][SEVERE]: Timed out receiving message from renderer: 0.100
[1585810178.616][SEVERE]: Timed out receiving message from renderer: 0.100
[1585810178.717][SEVERE]: Timed out receiving message from renderer: 0.100
[1585810178.818][SEVERE]: Timed out receiving message from renderer: 0.100
[1585810178.925][SEVERE]: Timed out receiving message from renderer: 0.100
[1585810179.029][SEVERE]: Timed out receiving message from renderer: 0.100
[1585810179.150][SEVERE]: Timed out receiving message from renderer: 0.100
[1585810179.256][SEVERE]: Timed out receiving message from renderer: 0.100
[1585810179.365][SEVERE]: Timed out receiving message from renderer: 0.100
[1585810179.484][SEVERE]: Timed out receiving message from renderer: 0.100
[1585810179.587][SEVERE]: Timed out receiving message from renderer: 0.100
[1585810179.694][SEVERE]: Timed out receiving message from renderer: 0.100
[1585810179.799][SEVERE]: Timed out receiving message from renderer: 0.100
[1585810179.902][SEVERE]: Timed out receiving message from renderer: 0.100
[1585810180.007][SEVERE]: Timed out receiving message from renderer: 0.100
[1585810180.109][SEVERE]: Timed out receiving message from renderer: 0.100
[1585810180.212][SEVERE]: Timed out receiving message from renderer: 0.100
[1585810180.314][SEVERE]: Timed out receiving message from renderer: 0.100
[1585810180.415][SEVERE]: Timed out receiving message from renderer: 0.100
[1585810180.517][SEVERE]: Timed out receiving message from renderer: 0.100
[1585810180.624][SEVERE]: Timed out receiving message from renderer: 0.100
[1585810180.726][SEVERE]: Timed out receiving message from renderer: 0.100
[1585810181.451][SEVERE]: Timed out receiving message from renderer: 0.100
[1585810181.641][SEVERE]: Timed out receiving message from renderer: 0.100
[1585810181.778][SEVERE]: Timed out receiving message from renderer: 0.100
[1585810182.046][SEVERE]: Timed out receiving message from renderer: 0.100
[1585810182.267][SEVERE]: Timed out receiving message from renderer: 0.100
</system-err>
  </testcase>
  <testcase classname="com.crm.qa.testcases.HomePageTest" name="navCalendarPage" time="2.98"/>
  <testcase classname="com.crm.qa.testcases.HomePageTest" name="navContactPage" time="2.913"/>
  <testcase classname="com.crm.qa.testcases.HomePageTest" name="verifyHomePage" time="0.029"/>
  <testcase classname="com.crm.qa.testcases.HomePageTest" name="verifyUserName" time="2.315"/>
  <testcase classname="com.crm.qa.testcases.LoginPageTest" name="labelTest" time="0.417"/>
  <testcase classname="com.crm.qa.testcases.LoginPageTest" name="loginTest" time="6.512"/>
  <testcase classname="com.crm.qa.testcases.LoginPageTest" name="titleTest" time="0.03"/>
</testsuite>